INFO: [VRFC 10-2263] Analyzing Verilog file "C:/Users/tmukh/Desktop/UCT/4/EEE4120F/Git/Vivado/SPM.gen/sources_1/ip/fifo_generator_0/fifo_generator_0_sim_netlist.v" into library xil_defaultlib
INFO: [VRFC 10-311] analyzing module fifo_generator_0
INFO: [VRFC 10-311] analyzing module fifo_generator_0_builtin_extdepth_v6
INFO: [VRFC 10-311] analyzing module fifo_generator_0_builtin_prim_v6
INFO: [VRFC 10-311] analyzing module fifo_generator_0_builtin_top_v6
INFO: [VRFC 10-311] analyzing module fifo_generator_0_fifo_generator_top
INFO: [VRFC 10-311] analyzing module fifo_generator_0_fifo_generator_v13_2_9
INFO: [VRFC 10-311] analyzing module fifo_generator_0_fifo_generator_v13_2_9_builtin
INFO: [VRFC 10-311] analyzing module fifo_generator_0_fifo_generator_v13_2_9_synth
INFO: [VRFC 10-311] analyzing module fifo_generator_0_reset_builtin
INFO: [VRFC 10-311] analyzing module glbl
INFO: [VRFC 10-2263] Analyzing Verilog file "C:/Users/tmukh/Desktop/UCT/4/EEE4120F/Git/Vivado/SPM.gen/sources_1/ip/div_gen_0/div_gen_0_sim_netlist.v" into library xil_defaultlib
INFO: [VRFC 10-311] analyzing module div_gen_0
INFO: [VRFC 10-311] analyzing module div_gen_0_div_gen_v5_1_20
INFO: [VRFC 10-311] analyzing module div_gen_0_addsubreg_v
INFO: [VRFC 10-311] analyzing module div_gen_0_addsubreg_v_10
INFO: [VRFC 10-311] analyzing module div_gen_0_addsubreg_v_12
INFO: [VRFC 10-311] analyzing module div_gen_0_addsubreg_v_14
INFO: [VRFC 10-311] analyzing module div_gen_0_addsubreg_v_16
INFO: [VRFC 10-311] analyzing module div_gen_0_addsubreg_v_18
INFO: [VRFC 10-311] analyzing module div_gen_0_addsubreg_v_2
INFO: [VRFC 10-311] analyzing module div_gen_0_addsubreg_v_20
INFO: [VRFC 10-311] analyzing module div_gen_0_addsubreg_v_22
INFO: [VRFC 10-311] analyzing module div_gen_0_addsubreg_v_24
INFO: [VRFC 10-311] analyzing module div_gen_0_addsubreg_v_26
INFO: [VRFC 10-311] analyzing module div_gen_0_addsubreg_v_28
INFO: [VRFC 10-311] analyzing module div_gen_0_addsubreg_v_30
INFO: [VRFC 10-311] analyzing module div_gen_0_addsubreg_v_32
INFO: [VRFC 10-311] analyzing module div_gen_0_addsubreg_v_34
INFO: [VRFC 10-311] analyzing module div_gen_0_addsubreg_v_36
INFO: [VRFC 10-311] analyzing module div_gen_0_addsubreg_v_38
INFO: [VRFC 10-311] analyzing module div_gen_0_addsubreg_v_4
INFO: [VRFC 10-311] analyzing module div_gen_0_addsubreg_v_40
INFO: [VRFC 10-311] analyzing module div_gen_0_addsubreg_v_42
INFO: [VRFC 10-311] analyzing module div_gen_0_addsubreg_v_44
INFO: [VRFC 10-311] analyzing module div_gen_0_addsubreg_v_46
INFO: [VRFC 10-311] analyzing module div_gen_0_addsubreg_v_48
INFO: [VRFC 10-311] analyzing module div_gen_0_addsubreg_v_51
INFO: [VRFC 10-311] analyzing module div_gen_0_addsubreg_v_53
INFO: [VRFC 10-311] analyzing module div_gen_0_addsubreg_v_55
INFO: [VRFC 10-311] analyzing module div_gen_0_addsubreg_v_57
INFO: [VRFC 10-311] analyzing module div_gen_0_addsubreg_v_59
INFO: [VRFC 10-311] analyzing module div_gen_0_addsubreg_v_6
INFO: [VRFC 10-311] analyzing module div_gen_0_addsubreg_v_61
INFO: [VRFC 10-311] analyzing module div_gen_0_addsubreg_v_63
INFO: [VRFC 10-311] analyzing module div_gen_0_addsubreg_v_8
INFO: [VRFC 10-311] analyzing module div_gen_0_addsubreg_v__parameterized0
INFO: [VRFC 10-311] analyzing module div_gen_0_bip_sdivider_synth
INFO: [VRFC 10-311] analyzing module div_gen_0_c_addsub_lut6
INFO: [VRFC 10-311] analyzing module div_gen_0_c_addsub_lut6_102
INFO: [VRFC 10-311] analyzing module div_gen_0_c_addsub_lut6_107
INFO: [VRFC 10-311] analyzing module div_gen_0_c_addsub_lut6_112
INFO: [VRFC 10-311] analyzing module div_gen_0_c_addsub_lut6_117
INFO: [VRFC 10-311] analyzing module div_gen_0_c_addsub_lut6_122
INFO: [VRFC 10-311] analyzing module div_gen_0_c_addsub_lut6_127
INFO: [VRFC 10-311] analyzing module div_gen_0_c_addsub_lut6_132
INFO: [VRFC 10-311] analyzing module div_gen_0_c_addsub_lut6_137
INFO: [VRFC 10-311] analyzing module div_gen_0_c_addsub_lut6_142
INFO: [VRFC 10-311] analyzing module div_gen_0_c_addsub_lut6_147
INFO: [VRFC 10-311] analyzing module div_gen_0_c_addsub_lut6_152
INFO: [VRFC 10-311] analyzing module div_gen_0_c_addsub_lut6_157
INFO: [VRFC 10-311] analyzing module div_gen_0_c_addsub_lut6_162
INFO: [VRFC 10-311] analyzing module div_gen_0_c_addsub_lut6_167
INFO: [VRFC 10-311] analyzing module div_gen_0_c_addsub_lut6_172
INFO: [VRFC 10-311] analyzing module div_gen_0_c_addsub_lut6_177
INFO: [VRFC 10-311] analyzing module div_gen_0_c_addsub_lut6_182
INFO: [VRFC 10-311] analyzing module div_gen_0_c_addsub_lut6_187
INFO: [VRFC 10-311] analyzing module div_gen_0_c_addsub_lut6_192
INFO: [VRFC 10-311] analyzing module div_gen_0_c_addsub_lut6_197
INFO: [VRFC 10-311] analyzing module div_gen_0_c_addsub_lut6_202
INFO: [VRFC 10-311] analyzing module div_gen_0_c_addsub_lut6_207
INFO: [VRFC 10-311] analyzing module div_gen_0_c_addsub_lut6_212
INFO: [VRFC 10-311] analyzing module div_gen_0_c_addsub_lut6_217
INFO: [VRFC 10-311] analyzing module div_gen_0_c_addsub_lut6_222
INFO: [VRFC 10-311] analyzing module div_gen_0_c_addsub_lut6_72
INFO: [VRFC 10-311] analyzing module div_gen_0_c_addsub_lut6_77
INFO: [VRFC 10-311] analyzing module div_gen_0_c_addsub_lut6_82
INFO: [VRFC 10-311] analyzing module div_gen_0_c_addsub_lut6_87
INFO: [VRFC 10-311] analyzing module div_gen_0_c_addsub_lut6_92
INFO: [VRFC 10-311] analyzing module div_gen_0_c_addsub_lut6_97
INFO: [VRFC 10-311] analyzing module div_gen_0_c_addsub_lut6__parameterized1
INFO: [VRFC 10-311] analyzing module div_gen_0_c_addsub_viv
INFO: [VRFC 10-311] analyzing module div_gen_0_c_addsub_viv_101
INFO: [VRFC 10-311] analyzing module div_gen_0_c_addsub_viv_106
INFO: [VRFC 10-311] analyzing module div_gen_0_c_addsub_viv_111
INFO: [VRFC 10-311] analyzing module div_gen_0_c_addsub_viv_116
INFO: [VRFC 10-311] analyzing module div_gen_0_c_addsub_viv_121
INFO: [VRFC 10-311] analyzing module div_gen_0_c_addsub_viv_126
INFO: [VRFC 10-311] analyzing module div_gen_0_c_addsub_viv_131
INFO: [VRFC 10-311] analyzing module div_gen_0_c_addsub_viv_136
INFO: [VRFC 10-311] analyzing module div_gen_0_c_addsub_viv_141
INFO: [VRFC 10-311] analyzing module div_gen_0_c_addsub_viv_146
INFO: [VRFC 10-311] analyzing module div_gen_0_c_addsub_viv_151
INFO: [VRFC 10-311] analyzing module div_gen_0_c_addsub_viv_156
INFO: [VRFC 10-311] analyzing module div_gen_0_c_addsub_viv_161
INFO: [VRFC 10-311] analyzing module div_gen_0_c_addsub_viv_166
INFO: [VRFC 10-311] analyzing module div_gen_0_c_addsub_viv_171
INFO: [VRFC 10-311] analyzing module div_gen_0_c_addsub_viv_176
INFO: [VRFC 10-311] analyzing module div_gen_0_c_addsub_viv_181
INFO: [VRFC 10-311] analyzing module div_gen_0_c_addsub_viv_186
INFO: [VRFC 10-311] analyzing module div_gen_0_c_addsub_viv_191
INFO: [VRFC 10-311] analyzing module div_gen_0_c_addsub_viv_196
INFO: [VRFC 10-311] analyzing module div_gen_0_c_addsub_viv_201
INFO: [VRFC 10-311] analyzing module div_gen_0_c_addsub_viv_206
INFO: [VRFC 10-311] analyzing module div_gen_0_c_addsub_viv_211
INFO: [VRFC 10-311] analyzing module div_gen_0_c_addsub_viv_216
INFO: [VRFC 10-311] analyzing module div_gen_0_c_addsub_viv_221
INFO: [VRFC 10-311] analyzing module div_gen_0_c_addsub_viv_71
INFO: [VRFC 10-311] analyzing module div_gen_0_c_addsub_viv_76
INFO: [VRFC 10-311] analyzing module div_gen_0_c_addsub_viv_81
INFO: [VRFC 10-311] analyzing module div_gen_0_c_addsub_viv_86
INFO: [VRFC 10-311] analyzing module div_gen_0_c_addsub_viv_91
INFO: [VRFC 10-311] analyzing module div_gen_0_c_addsub_viv_96
INFO: [VRFC 10-311] analyzing module div_gen_0_c_addsub_viv__parameterized0
INFO: [VRFC 10-311] analyzing module div_gen_0_c_twos_comp_viv
INFO: [VRFC 10-311] analyzing module div_gen_0_c_twos_comp_viv__parameterized0
INFO: [VRFC 10-311] analyzing module div_gen_0_c_twos_comp_viv__parameterized1
INFO: [VRFC 10-311] analyzing module div_gen_0_c_twos_comp_viv__parameterized1_1
INFO: [VRFC 10-311] analyzing module div_gen_0_cmp2s_v
INFO: [VRFC 10-311] analyzing module div_gen_0_cmp2s_v__parameterized0
INFO: [VRFC 10-311] analyzing module div_gen_0_cmp2s_v__parameterized1
INFO: [VRFC 10-311] analyzing module div_gen_0_cmp2s_v__parameterized1_0
INFO: [VRFC 10-311] analyzing module div_gen_0_div_gen_synth
INFO: [VRFC 10-311] analyzing module div_gen_0_div_gen_v5_1_20_viv
INFO: [VRFC 10-311] analyzing module div_gen_0_dividervdc_v
INFO: [VRFC 10-311] analyzing module div_gen_0_xbip_pipe_v3_0_7_viv
INFO: [VRFC 10-311] analyzing module div_gen_0_xbip_pipe_v3_0_7_viv__parameterized1
INFO: [VRFC 10-311] analyzing module div_gen_0_xbip_pipe_v3_0_7_viv__parameterized101
INFO: [VRFC 10-311] analyzing module div_gen_0_xbip_pipe_v3_0_7_viv__parameterized103
INFO: [VRFC 10-311] analyzing module div_gen_0_xbip_pipe_v3_0_7_viv__parameterized105
INFO: [VRFC 10-311] analyzing module div_gen_0_xbip_pipe_v3_0_7_viv__parameterized107
INFO: [VRFC 10-311] analyzing module div_gen_0_xbip_pipe_v3_0_7_viv__parameterized109
INFO: [VRFC 10-311] analyzing module div_gen_0_xbip_pipe_v3_0_7_viv__parameterized11
INFO: [VRFC 10-311] analyzing module div_gen_0_xbip_pipe_v3_0_7_viv__parameterized111
INFO: [VRFC 10-311] analyzing module div_gen_0_xbip_pipe_v3_0_7_viv__parameterized113
INFO: [VRFC 10-311] analyzing module div_gen_0_xbip_pipe_v3_0_7_viv__parameterized115
INFO: [VRFC 10-311] analyzing module div_gen_0_xbip_pipe_v3_0_7_viv__parameterized117
INFO: [VRFC 10-311] analyzing module div_gen_0_xbip_pipe_v3_0_7_viv__parameterized119
INFO: [VRFC 10-311] analyzing module div_gen_0_xbip_pipe_v3_0_7_viv__parameterized121
INFO: [VRFC 10-311] analyzing module div_gen_0_xbip_pipe_v3_0_7_viv__parameterized123
INFO: [VRFC 10-311] analyzing module div_gen_0_xbip_pipe_v3_0_7_viv__parameterized125
INFO: [VRFC 10-311] analyzing module div_gen_0_xbip_pipe_v3_0_7_viv__parameterized127
INFO: [VRFC 10-311] analyzing module div_gen_0_xbip_pipe_v3_0_7_viv__parameterized129
INFO: [VRFC 10-311] analyzing module div_gen_0_xbip_pipe_v3_0_7_viv__parameterized13
INFO: [VRFC 10-311] analyzing module div_gen_0_xbip_pipe_v3_0_7_viv__parameterized132
INFO: [VRFC 10-311] analyzing module div_gen_0_xbip_pipe_v3_0_7_viv__parameterized134
INFO: [VRFC 10-311] analyzing module div_gen_0_xbip_pipe_v3_0_7_viv__parameterized15
INFO: [VRFC 10-311] analyzing module div_gen_0_xbip_pipe_v3_0_7_viv__parameterized17
INFO: [VRFC 10-311] analyzing module div_gen_0_xbip_pipe_v3_0_7_viv__parameterized19
INFO: [VRFC 10-311] analyzing module div_gen_0_xbip_pipe_v3_0_7_viv__parameterized21
INFO: [VRFC 10-311] analyzing module div_gen_0_xbip_pipe_v3_0_7_viv__parameterized23
INFO: [VRFC 10-311] analyzing module div_gen_0_xbip_pipe_v3_0_7_viv__parameterized25
INFO: [VRFC 10-311] analyzing module div_gen_0_xbip_pipe_v3_0_7_viv__parameterized27
INFO: [VRFC 10-311] analyzing module div_gen_0_xbip_pipe_v3_0_7_viv__parameterized29
INFO: [VRFC 10-311] analyzing module div_gen_0_xbip_pipe_v3_0_7_viv__parameterized3
INFO: [VRFC 10-311] analyzing module div_gen_0_xbip_pipe_v3_0_7_viv__parameterized31
INFO: [VRFC 10-311] analyzing module div_gen_0_xbip_pipe_v3_0_7_viv__parameterized33
INFO: [VRFC 10-311] analyzing module div_gen_0_xbip_pipe_v3_0_7_viv__parameterized35
INFO: [VRFC 10-311] analyzing module div_gen_0_xbip_pipe_v3_0_7_viv__parameterized37
INFO: [VRFC 10-311] analyzing module div_gen_0_xbip_pipe_v3_0_7_viv__parameterized39
INFO: [VRFC 10-311] analyzing module div_gen_0_xbip_pipe_v3_0_7_viv__parameterized3_66
INFO: [VRFC 10-311] analyzing module div_gen_0_xbip_pipe_v3_0_7_viv__parameterized41
INFO: [VRFC 10-311] analyzing module div_gen_0_xbip_pipe_v3_0_7_viv__parameterized43
INFO: [VRFC 10-311] analyzing module div_gen_0_xbip_pipe_v3_0_7_viv__parameterized45
INFO: [VRFC 10-311] analyzing module div_gen_0_xbip_pipe_v3_0_7_viv__parameterized47
INFO: [VRFC 10-311] analyzing module div_gen_0_xbip_pipe_v3_0_7_viv__parameterized49
INFO: [VRFC 10-311] analyzing module div_gen_0_xbip_pipe_v3_0_7_viv__parameterized5
INFO: [VRFC 10-311] analyzing module div_gen_0_xbip_pipe_v3_0_7_viv__parameterized51
INFO: [VRFC 10-311] analyzing module div_gen_0_xbip_pipe_v3_0_7_viv__parameterized53
INFO: [VRFC 10-311] analyzing module div_gen_0_xbip_pipe_v3_0_7_viv__parameterized55
INFO: [VRFC 10-311] analyzing module div_gen_0_xbip_pipe_v3_0_7_viv__parameterized57
INFO: [VRFC 10-311] analyzing module div_gen_0_xbip_pipe_v3_0_7_viv__parameterized59
INFO: [VRFC 10-311] analyzing module div_gen_0_xbip_pipe_v3_0_7_viv__parameterized5_11
INFO: [VRFC 10-311] analyzing module div_gen_0_xbip_pipe_v3_0_7_viv__parameterized5_13
INFO: [VRFC 10-311] analyzing module div_gen_0_xbip_pipe_v3_0_7_viv__parameterized5_15
INFO: [VRFC 10-311] analyzing module div_gen_0_xbip_pipe_v3_0_7_viv__parameterized5_17
INFO: [VRFC 10-311] analyzing module div_gen_0_xbip_pipe_v3_0_7_viv__parameterized5_19
INFO: [VRFC 10-311] analyzing module div_gen_0_xbip_pipe_v3_0_7_viv__parameterized5_21
INFO: [VRFC 10-311] analyzing module div_gen_0_xbip_pipe_v3_0_7_viv__parameterized5_23
INFO: [VRFC 10-311] analyzing module div_gen_0_xbip_pipe_v3_0_7_viv__parameterized5_25
INFO: [VRFC 10-311] analyzing module div_gen_0_xbip_pipe_v3_0_7_viv__parameterized5_27
INFO: [VRFC 10-311] analyzing module div_gen_0_xbip_pipe_v3_0_7_viv__parameterized5_29
INFO: [VRFC 10-311] analyzing module div_gen_0_xbip_pipe_v3_0_7_viv__parameterized5_3
INFO: [VRFC 10-311] analyzing module div_gen_0_xbip_pipe_v3_0_7_viv__parameterized5_31
INFO: [VRFC 10-311] analyzing module div_gen_0_xbip_pipe_v3_0_7_viv__parameterized5_33
INFO: [VRFC 10-311] analyzing module div_gen_0_xbip_pipe_v3_0_7_viv__parameterized5_35
INFO: [VRFC 10-311] analyzing module div_gen_0_xbip_pipe_v3_0_7_viv__parameterized5_37
INFO: [VRFC 10-311] analyzing module div_gen_0_xbip_pipe_v3_0_7_viv__parameterized5_39
INFO: [VRFC 10-311] analyzing module div_gen_0_xbip_pipe_v3_0_7_viv__parameterized5_41
INFO: [VRFC 10-311] analyzing module div_gen_0_xbip_pipe_v3_0_7_viv__parameterized5_43
INFO: [VRFC 10-311] analyzing module div_gen_0_xbip_pipe_v3_0_7_viv__parameterized5_45
INFO: [VRFC 10-311] analyzing module div_gen_0_xbip_pipe_v3_0_7_viv__parameterized5_47
INFO: [VRFC 10-311] analyzing module div_gen_0_xbip_pipe_v3_0_7_viv__parameterized5_49
INFO: [VRFC 10-311] analyzing module div_gen_0_xbip_pipe_v3_0_7_viv__parameterized5_5
INFO: [VRFC 10-311] analyzing module div_gen_0_xbip_pipe_v3_0_7_viv__parameterized5_52
INFO: [VRFC 10-311] analyzing module div_gen_0_xbip_pipe_v3_0_7_viv__parameterized5_54
INFO: [VRFC 10-311] analyzing module div_gen_0_xbip_pipe_v3_0_7_viv__parameterized5_56
INFO: [VRFC 10-311] analyzing module div_gen_0_xbip_pipe_v3_0_7_viv__parameterized5_58
INFO: [VRFC 10-311] analyzing module div_gen_0_xbip_pipe_v3_0_7_viv__parameterized5_60
INFO: [VRFC 10-311] analyzing module div_gen_0_xbip_pipe_v3_0_7_viv__parameterized5_62
INFO: [VRFC 10-311] analyzing module div_gen_0_xbip_pipe_v3_0_7_viv__parameterized5_64
INFO: [VRFC 10-311] analyzing module div_gen_0_xbip_pipe_v3_0_7_viv__parameterized5_65
INFO: [VRFC 10-311] analyzing module div_gen_0_xbip_pipe_v3_0_7_viv__parameterized5_7
INFO: [VRFC 10-311] analyzing module div_gen_0_xbip_pipe_v3_0_7_viv__parameterized5_9
INFO: [VRFC 10-311] analyzing module div_gen_0_xbip_pipe_v3_0_7_viv__parameterized61
INFO: [VRFC 10-311] analyzing module div_gen_0_xbip_pipe_v3_0_7_viv__parameterized63
INFO: [VRFC 10-311] analyzing module div_gen_0_xbip_pipe_v3_0_7_viv__parameterized65
INFO: [VRFC 10-311] analyzing module div_gen_0_xbip_pipe_v3_0_7_viv__parameterized67
INFO: [VRFC 10-311] analyzing module div_gen_0_xbip_pipe_v3_0_7_viv__parameterized69
INFO: [VRFC 10-311] analyzing module div_gen_0_xbip_pipe_v3_0_7_viv__parameterized7
INFO: [VRFC 10-311] analyzing module div_gen_0_xbip_pipe_v3_0_7_viv__parameterized71
INFO: [VRFC 10-311] analyzing module div_gen_0_xbip_pipe_v3_0_7_viv__parameterized73
INFO: [VRFC 10-311] analyzing module div_gen_0_xbip_pipe_v3_0_7_viv__parameterized75
INFO: [VRFC 10-311] analyzing module div_gen_0_xbip_pipe_v3_0_7_viv__parameterized77
INFO: [VRFC 10-311] analyzing module div_gen_0_xbip_pipe_v3_0_7_viv__parameterized79
INFO: [VRFC 10-311] analyzing module div_gen_0_xbip_pipe_v3_0_7_viv__parameterized7_100
INFO: [VRFC 10-311] analyzing module div_gen_0_xbip_pipe_v3_0_7_viv__parameterized7_103
INFO: [VRFC 10-311] analyzing module div_gen_0_xbip_pipe_v3_0_7_viv__parameterized7_105
INFO: [VRFC 10-311] analyzing module div_gen_0_xbip_pipe_v3_0_7_viv__parameterized7_108
INFO: [VRFC 10-311] analyzing module div_gen_0_xbip_pipe_v3_0_7_viv__parameterized7_110
INFO: [VRFC 10-311] analyzing module div_gen_0_xbip_pipe_v3_0_7_viv__parameterized7_113
INFO: [VRFC 10-311] analyzing module div_gen_0_xbip_pipe_v3_0_7_viv__parameterized7_115
INFO: [VRFC 10-311] analyzing module div_gen_0_xbip_pipe_v3_0_7_viv__parameterized7_118
INFO: [VRFC 10-311] analyzing module div_gen_0_xbip_pipe_v3_0_7_viv__parameterized7_120
INFO: [VRFC 10-311] analyzing module div_gen_0_xbip_pipe_v3_0_7_viv__parameterized7_123
INFO: [VRFC 10-311] analyzing module div_gen_0_xbip_pipe_v3_0_7_viv__parameterized7_125
INFO: [VRFC 10-311] analyzing module div_gen_0_xbip_pipe_v3_0_7_viv__parameterized7_128
INFO: [VRFC 10-311] analyzing module div_gen_0_xbip_pipe_v3_0_7_viv__parameterized7_130
INFO: [VRFC 10-311] analyzing module div_gen_0_xbip_pipe_v3_0_7_viv__parameterized7_133
INFO: [VRFC 10-311] analyzing module div_gen_0_xbip_pipe_v3_0_7_viv__parameterized7_135
INFO: [VRFC 10-311] analyzing module div_gen_0_xbip_pipe_v3_0_7_viv__parameterized7_138
INFO: [VRFC 10-311] analyzing module div_gen_0_xbip_pipe_v3_0_7_viv__parameterized7_140
INFO: [VRFC 10-311] analyzing module div_gen_0_xbip_pipe_v3_0_7_viv__parameterized7_143
INFO: [VRFC 10-311] analyzing module div_gen_0_xbip_pipe_v3_0_7_viv__parameterized7_145
INFO: [VRFC 10-311] analyzing module div_gen_0_xbip_pipe_v3_0_7_viv__parameterized7_148
INFO: [VRFC 10-311] analyzing module div_gen_0_xbip_pipe_v3_0_7_viv__parameterized7_150
INFO: [VRFC 10-311] analyzing module div_gen_0_xbip_pipe_v3_0_7_viv__parameterized7_153
INFO: [VRFC 10-311] analyzing module div_gen_0_xbip_pipe_v3_0_7_viv__parameterized7_155
INFO: [VRFC 10-311] analyzing module div_gen_0_xbip_pipe_v3_0_7_viv__parameterized7_158
INFO: [VRFC 10-311] analyzing module div_gen_0_xbip_pipe_v3_0_7_viv__parameterized7_160
INFO: [VRFC 10-311] analyzing module div_gen_0_xbip_pipe_v3_0_7_viv__parameterized7_163
INFO: [VRFC 10-311] analyzing module div_gen_0_xbip_pipe_v3_0_7_viv__parameterized7_165
INFO: [VRFC 10-311] analyzing module div_gen_0_xbip_pipe_v3_0_7_viv__parameterized7_168
INFO: [VRFC 10-311] analyzing module div_gen_0_xbip_pipe_v3_0_7_viv__parameterized7_170
INFO: [VRFC 10-311] analyzing module div_gen_0_xbip_pipe_v3_0_7_viv__parameterized7_173
INFO: [VRFC 10-311] analyzing module div_gen_0_xbip_pipe_v3_0_7_viv__parameterized7_175
INFO: [VRFC 10-311] analyzing module div_gen_0_xbip_pipe_v3_0_7_viv__parameterized7_178
INFO: [VRFC 10-311] analyzing module div_gen_0_xbip_pipe_v3_0_7_viv__parameterized7_180
INFO: [VRFC 10-311] analyzing module div_gen_0_xbip_pipe_v3_0_7_viv__parameterized7_183
INFO: [VRFC 10-311] analyzing module div_gen_0_xbip_pipe_v3_0_7_viv__parameterized7_185
INFO: [VRFC 10-311] analyzing module div_gen_0_xbip_pipe_v3_0_7_viv__parameterized7_188
INFO: [VRFC 10-311] analyzing module div_gen_0_xbip_pipe_v3_0_7_viv__parameterized7_190
INFO: [VRFC 10-311] analyzing module div_gen_0_xbip_pipe_v3_0_7_viv__parameterized7_193
INFO: [VRFC 10-311] analyzing module div_gen_0_xbip_pipe_v3_0_7_viv__parameterized7_195
INFO: [VRFC 10-311] analyzing module div_gen_0_xbip_pipe_v3_0_7_viv__parameterized7_198
INFO: [VRFC 10-311] analyzing module div_gen_0_xbip_pipe_v3_0_7_viv__parameterized7_200
INFO: [VRFC 10-311] analyzing module div_gen_0_xbip_pipe_v3_0_7_viv__parameterized7_203
INFO: [VRFC 10-311] analyzing module div_gen_0_xbip_pipe_v3_0_7_viv__parameterized7_205
INFO: [VRFC 10-311] analyzing module div_gen_0_xbip_pipe_v3_0_7_viv__parameterized7_208
INFO: [VRFC 10-311] analyzing module div_gen_0_xbip_pipe_v3_0_7_viv__parameterized7_210
INFO: [VRFC 10-311] analyzing module div_gen_0_xbip_pipe_v3_0_7_viv__parameterized7_213
INFO: [VRFC 10-311] analyzing module div_gen_0_xbip_pipe_v3_0_7_viv__parameterized7_215
INFO: [VRFC 10-311] analyzing module div_gen_0_xbip_pipe_v3_0_7_viv__parameterized7_218
INFO: [VRFC 10-311] analyzing module div_gen_0_xbip_pipe_v3_0_7_viv__parameterized7_220
INFO: [VRFC 10-311] analyzing module div_gen_0_xbip_pipe_v3_0_7_viv__parameterized7_223
INFO: [VRFC 10-311] analyzing module div_gen_0_xbip_pipe_v3_0_7_viv__parameterized7_225
INFO: [VRFC 10-311] analyzing module div_gen_0_xbip_pipe_v3_0_7_viv__parameterized7_50
INFO: [VRFC 10-311] analyzing module div_gen_0_xbip_pipe_v3_0_7_viv__parameterized7_67
INFO: [VRFC 10-311] analyzing module div_gen_0_xbip_pipe_v3_0_7_viv__parameterized7_68
INFO: [VRFC 10-311] analyzing module div_gen_0_xbip_pipe_v3_0_7_viv__parameterized7_69
INFO: [VRFC 10-311] analyzing module div_gen_0_xbip_pipe_v3_0_7_viv__parameterized7_70
INFO: [VRFC 10-311] analyzing module div_gen_0_xbip_pipe_v3_0_7_viv__parameterized7_73
INFO: [VRFC 10-311] analyzing module div_gen_0_xbip_pipe_v3_0_7_viv__parameterized7_75
INFO: [VRFC 10-311] analyzing module div_gen_0_xbip_pipe_v3_0_7_viv__parameterized7_78
INFO: [VRFC 10-311] analyzing module div_gen_0_xbip_pipe_v3_0_7_viv__parameterized7_80
INFO: [VRFC 10-311] analyzing module div_gen_0_xbip_pipe_v3_0_7_viv__parameterized7_83
INFO: [VRFC 10-311] analyzing module div_gen_0_xbip_pipe_v3_0_7_viv__parameterized7_85
INFO: [VRFC 10-311] analyzing module div_gen_0_xbip_pipe_v3_0_7_viv__parameterized7_88
INFO: [VRFC 10-311] analyzing module div_gen_0_xbip_pipe_v3_0_7_viv__parameterized7_90
INFO: [VRFC 10-311] analyzing module div_gen_0_xbip_pipe_v3_0_7_viv__parameterized7_93
INFO: [VRFC 10-311] analyzing module div_gen_0_xbip_pipe_v3_0_7_viv__parameterized7_95
INFO: [VRFC 10-311] analyzing module div_gen_0_xbip_pipe_v3_0_7_viv__parameterized7_98
INFO: [VRFC 10-311] analyzing module div_gen_0_xbip_pipe_v3_0_7_viv__parameterized81
INFO: [VRFC 10-311] analyzing module div_gen_0_xbip_pipe_v3_0_7_viv__parameterized83
INFO: [VRFC 10-311] analyzing module div_gen_0_xbip_pipe_v3_0_7_viv__parameterized85
INFO: [VRFC 10-311] analyzing module div_gen_0_xbip_pipe_v3_0_7_viv__parameterized87
INFO: [VRFC 10-311] analyzing module div_gen_0_xbip_pipe_v3_0_7_viv__parameterized89
INFO: [VRFC 10-311] analyzing module div_gen_0_xbip_pipe_v3_0_7_viv__parameterized9
INFO: [VRFC 10-311] analyzing module div_gen_0_xbip_pipe_v3_0_7_viv__parameterized91
INFO: [VRFC 10-311] analyzing module div_gen_0_xbip_pipe_v3_0_7_viv__parameterized93
INFO: [VRFC 10-311] analyzing module div_gen_0_xbip_pipe_v3_0_7_viv__parameterized95
INFO: [VRFC 10-311] analyzing module div_gen_0_xbip_pipe_v3_0_7_viv__parameterized97
INFO: [VRFC 10-311] analyzing module div_gen_0_xbip_pipe_v3_0_7_viv__parameterized99
INFO: [VRFC 10-311] analyzing module div_gen_0_xbip_pipe_v3_0_7_viv__parameterized9_104
INFO: [VRFC 10-311] analyzing module div_gen_0_xbip_pipe_v3_0_7_viv__parameterized9_109
INFO: [VRFC 10-311] analyzing module div_gen_0_xbip_pipe_v3_0_7_viv__parameterized9_114
INFO: [VRFC 10-311] analyzing module div_gen_0_xbip_pipe_v3_0_7_viv__parameterized9_119
INFO: [VRFC 10-311] analyzing module div_gen_0_xbip_pipe_v3_0_7_viv__parameterized9_124
INFO: [VRFC 10-311] analyzing module div_gen_0_xbip_pipe_v3_0_7_viv__parameterized9_129
INFO: [VRFC 10-311] analyzing module div_gen_0_xbip_pipe_v3_0_7_viv__parameterized9_134
INFO: [VRFC 10-311] analyzing module div_gen_0_xbip_pipe_v3_0_7_viv__parameterized9_139
INFO: [VRFC 10-311] analyzing module div_gen_0_xbip_pipe_v3_0_7_viv__parameterized9_144
INFO: [VRFC 10-311] analyzing module div_gen_0_xbip_pipe_v3_0_7_viv__parameterized9_149
INFO: [VRFC 10-311] analyzing module div_gen_0_xbip_pipe_v3_0_7_viv__parameterized9_154
INFO: [VRFC 10-311] analyzing module div_gen_0_xbip_pipe_v3_0_7_viv__parameterized9_159
INFO: [VRFC 10-311] analyzing module div_gen_0_xbip_pipe_v3_0_7_viv__parameterized9_164
INFO: [VRFC 10-311] analyzing module div_gen_0_xbip_pipe_v3_0_7_viv__parameterized9_169
INFO: [VRFC 10-311] analyzing module div_gen_0_xbip_pipe_v3_0_7_viv__parameterized9_174
INFO: [VRFC 10-311] analyzing module div_gen_0_xbip_pipe_v3_0_7_viv__parameterized9_179
INFO: [VRFC 10-311] analyzing module div_gen_0_xbip_pipe_v3_0_7_viv__parameterized9_184
INFO: [VRFC 10-311] analyzing module div_gen_0_xbip_pipe_v3_0_7_viv__parameterized9_189
INFO: [VRFC 10-311] analyzing module div_gen_0_xbip_pipe_v3_0_7_viv__parameterized9_194
INFO: [VRFC 10-311] analyzing module div_gen_0_xbip_pipe_v3_0_7_viv__parameterized9_199
INFO: [VRFC 10-311] analyzing module div_gen_0_xbip_pipe_v3_0_7_viv__parameterized9_204
INFO: [VRFC 10-311] analyzing module div_gen_0_xbip_pipe_v3_0_7_viv__parameterized9_209
INFO: [VRFC 10-311] analyzing module div_gen_0_xbip_pipe_v3_0_7_viv__parameterized9_214
INFO: [VRFC 10-311] analyzing module div_gen_0_xbip_pipe_v3_0_7_viv__parameterized9_219
INFO: [VRFC 10-311] analyzing module div_gen_0_xbip_pipe_v3_0_7_viv__parameterized9_224
INFO: [VRFC 10-311] analyzing module div_gen_0_xbip_pipe_v3_0_7_viv__parameterized9_74
INFO: [VRFC 10-311] analyzing module div_gen_0_xbip_pipe_v3_0_7_viv__parameterized9_79
INFO: [VRFC 10-311] analyzing module div_gen_0_xbip_pipe_v3_0_7_viv__parameterized9_84
INFO: [VRFC 10-311] analyzing module div_gen_0_xbip_pipe_v3_0_7_viv__parameterized9_89
INFO: [VRFC 10-311] analyzing module div_gen_0_xbip_pipe_v3_0_7_viv__parameterized9_94
INFO: [VRFC 10-311] analyzing module div_gen_0_xbip_pipe_v3_0_7_viv__parameterized9_99
INFO: [VRFC 10-2263] Analyzing Verilog file "C:/Users/tmukh/Desktop/UCT/4/EEE4120F/Git/Vivado/SPM.gen/sources_1/ip/cordic_0/cordic_0_sim_netlist.v" into library xil_defaultlib
INFO: [VRFC 10-311] analyzing module cordic_0
INFO: [VRFC 10-311] analyzing module cordic_0_cordic_v6_0_20
INFO: [VRFC 10-311] analyzing module cordic_0_addsub
INFO: [VRFC 10-311] analyzing module cordic_0_addsub__parameterized1
INFO: [VRFC 10-311] analyzing module cordic_0_addsub__parameterized11
INFO: [VRFC 10-311] analyzing module cordic_0_addsub__parameterized13
INFO: [VRFC 10-311] analyzing module cordic_0_addsub__parameterized15
INFO: [VRFC 10-311] analyzing module cordic_0_addsub__parameterized17
INFO: [VRFC 10-311] analyzing module cordic_0_addsub__parameterized19
INFO: [VRFC 10-311] analyzing module cordic_0_addsub__parameterized21
INFO: [VRFC 10-311] analyzing module cordic_0_addsub__parameterized23
INFO: [VRFC 10-311] analyzing module cordic_0_addsub__parameterized25
INFO: [VRFC 10-311] analyzing module cordic_0_addsub__parameterized3
INFO: [VRFC 10-311] analyzing module cordic_0_addsub__parameterized5
INFO: [VRFC 10-311] analyzing module cordic_0_addsub__parameterized7
INFO: [VRFC 10-311] analyzing module cordic_0_addsub__parameterized9
INFO: [VRFC 10-311] analyzing module cordic_0_c_addsub_v12_0_16_fabric_legacy
INFO: [VRFC 10-311] analyzing module cordic_0_c_addsub_v12_0_16_fabric_legacy__parameterized1
INFO: [VRFC 10-311] analyzing module cordic_0_c_addsub_v12_0_16_fabric_legacy__parameterized11
INFO: [VRFC 10-311] analyzing module cordic_0_c_addsub_v12_0_16_fabric_legacy__parameterized13
INFO: [VRFC 10-311] analyzing module cordic_0_c_addsub_v12_0_16_fabric_legacy__parameterized15
INFO: [VRFC 10-311] analyzing module cordic_0_c_addsub_v12_0_16_fabric_legacy__parameterized17
INFO: [VRFC 10-311] analyzing module cordic_0_c_addsub_v12_0_16_fabric_legacy__parameterized19
INFO: [VRFC 10-311] analyzing module cordic_0_c_addsub_v12_0_16_fabric_legacy__parameterized21
INFO: [VRFC 10-311] analyzing module cordic_0_c_addsub_v12_0_16_fabric_legacy__parameterized23
INFO: [VRFC 10-311] analyzing module cordic_0_c_addsub_v12_0_16_fabric_legacy__parameterized25
INFO: [VRFC 10-311] analyzing module cordic_0_c_addsub_v12_0_16_fabric_legacy__parameterized3
INFO: [VRFC 10-311] analyzing module cordic_0_c_addsub_v12_0_16_fabric_legacy__parameterized5
INFO: [VRFC 10-311] analyzing module cordic_0_c_addsub_v12_0_16_fabric_legacy__parameterized7
INFO: [VRFC 10-311] analyzing module cordic_0_c_addsub_v12_0_16_fabric_legacy__parameterized9
INFO: [VRFC 10-311] analyzing module cordic_0_c_addsub_v12_0_16_legacy
INFO: [VRFC 10-311] analyzing module cordic_0_c_addsub_v12_0_16_legacy__parameterized1
INFO: [VRFC 10-311] analyzing module cordic_0_c_addsub_v12_0_16_legacy__parameterized11
INFO: [VRFC 10-311] analyzing module cordic_0_c_addsub_v12_0_16_legacy__parameterized13
INFO: [VRFC 10-311] analyzing module cordic_0_c_addsub_v12_0_16_legacy__parameterized15
INFO: [VRFC 10-311] analyzing module cordic_0_c_addsub_v12_0_16_legacy__parameterized17
INFO: [VRFC 10-311] analyzing module cordic_0_c_addsub_v12_0_16_legacy__parameterized19
INFO: [VRFC 10-311] analyzing module cordic_0_c_addsub_v12_0_16_legacy__parameterized21
INFO: [VRFC 10-311] analyzing module cordic_0_c_addsub_v12_0_16_legacy__parameterized23
INFO: [VRFC 10-311] analyzing module cordic_0_c_addsub_v12_0_16_legacy__parameterized25
INFO: [VRFC 10-311] analyzing module cordic_0_c_addsub_v12_0_16_legacy__parameterized3
INFO: [VRFC 10-311] analyzing module cordic_0_c_addsub_v12_0_16_legacy__parameterized5
INFO: [VRFC 10-311] analyzing module cordic_0_c_addsub_v12_0_16_legacy__parameterized7
INFO: [VRFC 10-311] analyzing module cordic_0_c_addsub_v12_0_16_legacy__parameterized9
INFO: [VRFC 10-311] analyzing module cordic_0_c_addsub_v12_0_16_lut6_legacy
INFO: [VRFC 10-311] analyzing module cordic_0_c_addsub_v12_0_16_lut6_legacy__parameterized1
INFO: [VRFC 10-311] analyzing module cordic_0_c_addsub_v12_0_16_lut6_legacy__parameterized11
INFO: [VRFC 10-311] analyzing module cordic_0_c_addsub_v12_0_16_lut6_legacy__parameterized13
INFO: [VRFC 10-311] analyzing module cordic_0_c_addsub_v12_0_16_lut6_legacy__parameterized15
INFO: [VRFC 10-311] analyzing module cordic_0_c_addsub_v12_0_16_lut6_legacy__parameterized17
INFO: [VRFC 10-311] analyzing module cordic_0_c_addsub_v12_0_16_lut6_legacy__parameterized19
INFO: [VRFC 10-311] analyzing module cordic_0_c_addsub_v12_0_16_lut6_legacy__parameterized21
INFO: [VRFC 10-311] analyzing module cordic_0_c_addsub_v12_0_16_lut6_legacy__parameterized23
INFO: [VRFC 10-311] analyzing module cordic_0_c_addsub_v12_0_16_lut6_legacy__parameterized25
INFO: [VRFC 10-311] analyzing module cordic_0_c_addsub_v12_0_16_lut6_legacy__parameterized3
INFO: [VRFC 10-311] analyzing module cordic_0_c_addsub_v12_0_16_lut6_legacy__parameterized5
INFO: [VRFC 10-311] analyzing module cordic_0_c_addsub_v12_0_16_lut6_legacy__parameterized7
INFO: [VRFC 10-311] analyzing module cordic_0_c_addsub_v12_0_16_lut6_legacy__parameterized9
INFO: [VRFC 10-311] analyzing module cordic_0_c_addsub_v12_0_16_viv
INFO: [VRFC 10-311] analyzing module cordic_0_c_addsub_v12_0_16_viv__parameterized1
INFO: [VRFC 10-311] analyzing module cordic_0_c_addsub_v12_0_16_viv__parameterized11
INFO: [VRFC 10-311] analyzing module cordic_0_c_addsub_v12_0_16_viv__parameterized13
INFO: [VRFC 10-311] analyzing module cordic_0_c_addsub_v12_0_16_viv__parameterized15
INFO: [VRFC 10-311] analyzing module cordic_0_c_addsub_v12_0_16_viv__parameterized17
INFO: [VRFC 10-311] analyzing module cordic_0_c_addsub_v12_0_16_viv__parameterized19
INFO: [VRFC 10-311] analyzing module cordic_0_c_addsub_v12_0_16_viv__parameterized21
INFO: [VRFC 10-311] analyzing module cordic_0_c_addsub_v12_0_16_viv__parameterized23
INFO: [VRFC 10-311] analyzing module cordic_0_c_addsub_v12_0_16_viv__parameterized25
INFO: [VRFC 10-311] analyzing module cordic_0_c_addsub_v12_0_16_viv__parameterized3
INFO: [VRFC 10-311] analyzing module cordic_0_c_addsub_v12_0_16_viv__parameterized5
INFO: [VRFC 10-311] analyzing module cordic_0_c_addsub_v12_0_16_viv__parameterized7
INFO: [VRFC 10-311] analyzing module cordic_0_c_addsub_v12_0_16_viv__parameterized9
INFO: [VRFC 10-311] analyzing module cordic_0_cordic_sqrt
INFO: [VRFC 10-311] analyzing module cordic_0_cordic_sqrt_mod
INFO: [VRFC 10-311] analyzing module cordic_0_cordic_sqrt_mod__parameterized1
INFO: [VRFC 10-311] analyzing module cordic_0_cordic_sqrt_mod__parameterized11
INFO: [VRFC 10-311] analyzing module cordic_0_cordic_sqrt_mod__parameterized13
INFO: [VRFC 10-311] analyzing module cordic_0_cordic_sqrt_mod__parameterized15
INFO: [VRFC 10-311] analyzing module cordic_0_cordic_sqrt_mod__parameterized17
INFO: [VRFC 10-311] analyzing module cordic_0_cordic_sqrt_mod__parameterized19
INFO: [VRFC 10-311] analyzing module cordic_0_cordic_sqrt_mod__parameterized21
INFO: [VRFC 10-311] analyzing module cordic_0_cordic_sqrt_mod__parameterized23
INFO: [VRFC 10-311] analyzing module cordic_0_cordic_sqrt_mod__parameterized25
INFO: [VRFC 10-311] analyzing module cordic_0_cordic_sqrt_mod__parameterized3
INFO: [VRFC 10-311] analyzing module cordic_0_cordic_sqrt_mod__parameterized5
INFO: [VRFC 10-311] analyzing module cordic_0_cordic_sqrt_mod__parameterized7
INFO: [VRFC 10-311] analyzing module cordic_0_cordic_sqrt_mod__parameterized9
INFO: [VRFC 10-311] analyzing module cordic_0_cordic_v6_0_20_synth
INFO: [VRFC 10-311] analyzing module cordic_0_cordic_v6_0_20_viv
INFO: [VRFC 10-311] analyzing module cordic_0_delay
INFO: [VRFC 10-311] analyzing module cordic_0_delay__parameterized1
INFO: [VRFC 10-311] analyzing module cordic_0_delay__parameterized11
INFO: [VRFC 10-311] analyzing module cordic_0_delay__parameterized11_9
INFO: [VRFC 10-311] analyzing module cordic_0_delay__parameterized13
INFO: [VRFC 10-311] analyzing module cordic_0_delay__parameterized15
INFO: [VRFC 10-311] analyzing module cordic_0_delay__parameterized15_10
INFO: [VRFC 10-311] analyzing module cordic_0_delay__parameterized17
INFO: [VRFC 10-311] analyzing module cordic_0_delay__parameterized19
INFO: [VRFC 10-311] analyzing module cordic_0_delay__parameterized19_7
INFO: [VRFC 10-311] analyzing module cordic_0_delay__parameterized1_11
INFO: [VRFC 10-311] analyzing module cordic_0_delay__parameterized21
INFO: [VRFC 10-311] analyzing module cordic_0_delay__parameterized23
INFO: [VRFC 10-311] analyzing module cordic_0_delay__parameterized23_8
INFO: [VRFC 10-311] analyzing module cordic_0_delay__parameterized25
INFO: [VRFC 10-311] analyzing module cordic_0_delay__parameterized27
INFO: [VRFC 10-311] analyzing module cordic_0_delay__parameterized27_5
INFO: [VRFC 10-311] analyzing module cordic_0_delay__parameterized29
INFO: [VRFC 10-311] analyzing module cordic_0_delay__parameterized3
INFO: [VRFC 10-311] analyzing module cordic_0_delay__parameterized31
INFO: [VRFC 10-311] analyzing module cordic_0_delay__parameterized31_6
INFO: [VRFC 10-311] analyzing module cordic_0_delay__parameterized33
INFO: [VRFC 10-311] analyzing module cordic_0_delay__parameterized35
INFO: [VRFC 10-311] analyzing module cordic_0_delay__parameterized35_3
INFO: [VRFC 10-311] analyzing module cordic_0_delay__parameterized37
INFO: [VRFC 10-311] analyzing module cordic_0_delay__parameterized39
INFO: [VRFC 10-311] analyzing module cordic_0_delay__parameterized39_4
INFO: [VRFC 10-311] analyzing module cordic_0_delay__parameterized3_12
INFO: [VRFC 10-311] analyzing module cordic_0_delay__parameterized41
INFO: [VRFC 10-311] analyzing module cordic_0_delay__parameterized43
INFO: [VRFC 10-311] analyzing module cordic_0_delay__parameterized43_1
INFO: [VRFC 10-311] analyzing module cordic_0_delay__parameterized45
INFO: [VRFC 10-311] analyzing module cordic_0_delay__parameterized47
INFO: [VRFC 10-311] analyzing module cordic_0_delay__parameterized47_0
INFO: [VRFC 10-311] analyzing module cordic_0_delay__parameterized47_2
INFO: [VRFC 10-311] analyzing module cordic_0_delay__parameterized49
INFO: [VRFC 10-311] analyzing module cordic_0_delay__parameterized5
INFO: [VRFC 10-311] analyzing module cordic_0_delay__parameterized51
INFO: [VRFC 10-311] analyzing module cordic_0_delay__parameterized55
INFO: [VRFC 10-311] analyzing module cordic_0_delay__parameterized7
INFO: [VRFC 10-311] analyzing module cordic_0_delay__parameterized7_13
INFO: [VRFC 10-311] analyzing module cordic_0_delay__parameterized9
INFO: [VRFC 10-311] analyzing module cordic_0_delay_bit
INFO: [VRFC 10-311] analyzing module cordic_0_delay_bit__parameterized1
INFO: [VRFC 10-311] analyzing module cordic_0_xbip_pipe_v3_0_7_viv
INFO: [VRFC 10-2263] Analyzing Verilog file "C:/Users/tmukh/Desktop/UCT/4/EEE4120F/Git/Vivado/SPM.gen/sources_1/ip/blk_mem_gen_0/sim/blk_mem_gen_0.v" into library xil_defaultlib
INFO: [VRFC 10-311] analyzing module blk_mem_gen_0
INFO: [VRFC 10-2263] Analyzing Verilog file "C:/Users/tmukh/Desktop/UCT/4/EEE4120F/Git/Vivado/SPM.gen/sources_1/ip/clk_wiz_0/clk_wiz_0_sim_netlist.v" into library xil_defaultlib
INFO: [VRFC 10-311] analyzing module clk_wiz_0
INFO: [VRFC 10-311] analyzing module clk_wiz_0_clk_wiz
INFO: [VRFC 10-2263] Analyzing Verilog file "C:/Users/tmukh/Desktop/UCT/4/EEE4120F/Git/Vivado/SPM.srcs/sources_1/new/baud_rate_generator.v" into library xil_defaultlib
INFO: [VRFC 10-311] analyzing module baud_rate_generator
INFO: [VRFC 10-2263] Analyzing Verilog file "C:/Users/tmukh/Desktop/UCT/4/EEE4120F/Git/Vivado/SPM.srcs/sources_1/new/bram.v" into library xil_defaultlib
INFO: [VRFC 10-311] analyzing module bram
INFO: [VRFC 10-2263] Analyzing Verilog file "C:/Users/tmukh/Desktop/UCT/4/EEE4120F/Git/Vivado/SPM.srcs/sources_1/new/spm.v" into library xil_defaultlib
INFO: [VRFC 10-311] analyzing module spm
INFO: [VRFC 10-2263] Analyzing Verilog file "C:/Users/tmukh/Desktop/UCT/4/EEE4120F/Git/Vivado/SPM.srcs/sources_1/new/top.v" into library xil_defaultlib
INFO: [VRFC 10-311] analyzing module top
INFO: [VRFC 10-2263] Analyzing Verilog file "C:/Users/tmukh/Desktop/UCT/4/EEE4120F/Git/Vivado/SPM.srcs/sources_1/new/uart.v" into library xil_defaultlib
INFO: [VRFC 10-311] analyzing module uart
INFO: [VRFC 10-2263] Analyzing Verilog file "C:/Users/tmukh/Desktop/UCT/4/EEE4120F/Git/Vivado/SPM.srcs/sources_1/new/uart_rx.v" into library xil_defaultlib
INFO: [VRFC 10-311] analyzing module uart_rx
INFO: [VRFC 10-2263] Analyzing Verilog file "C:/Users/tmukh/Desktop/UCT/4/EEE4120F/Git/Vivado/SPM.srcs/sources_1/new/uart_tx.v" into library xil_defaultlib
INFO: [VRFC 10-311] analyzing module uart_tx
INFO: [VRFC 10-2263] Analyzing Verilog file "C:/Users/tmukh/Desktop/UCT/4/EEE4120F/Git/Vivado/SPM.srcs/sim_1/new/top_tb.v" into library xil_defaultlib
INFO: [VRFC 10-311] analyzing module top_tb
INFO: [VRFC 10-2263] Analyzing Verilog file "C:/Users/tmukh/Desktop/UCT/4/EEE4120F/Git/Vivado/SPM.sim/sim_1/behav/xsim/glbl.v" into library xil_defaultlib
INFO: [VRFC 10-311] analyzing module glbl
WARNING: [VRFC 10-3609] overwriting previous definition of module 'glbl' [C:/Users/tmukh/Desktop/UCT/4/EEE4120F/Git/Vivado/SPM.sim/sim_1/behav/xsim/glbl.v:6]
